{
  "stats": {
    "suites": 8,
    "tests": 26,
    "passes": 26,
    "pending": 0,
    "failures": 0,
    "start": "2025-05-29T14:11:02.230Z",
    "end": "2025-05-29T14:11:59.107Z",
    "duration": 56877,
    "testsRegistered": 26,
    "passPercent": 100,
    "pendingPercent": 0,
    "other": 0,
    "hasOther": false,
    "skipped": 0,
    "hasSkipped": false
  },
  "results": [
    {
      "uuid": "87ac0f1f-9a36-4226-bf35-2064e9f679eb",
      "title": "",
      "fullFile": "cypress\\e2e\\lesson19\\task.cy.js",
      "file": "cypress\\e2e\\lesson19\\task.cy.js",
      "beforeHooks": [],
      "afterHooks": [],
      "tests": [],
      "suites": [
        {
          "uuid": "74e00ead-6d18-4690-a20c-790ac478d00f",
          "title": "User Registration Form",
          "fullFile": "",
          "file": "",
          "beforeHooks": [],
          "afterHooks": [],
          "tests": [
            {
              "title": "should display the Registration title",
              "fullTitle": "User Registration Form should display the Registration title",
              "timedOut": null,
              "duration": 2371,
              "state": "passed",
              "speed": "fast",
              "pass": true,
              "fail": false,
              "pending": false,
              "context": null,
              "code": "signUpForm.selectors.registrationLabel().should('be.visible');",
              "err": {},
              "uuid": "e4aed683-e78e-403a-b866-1f83457ea2f5",
              "parentUUID": "74e00ead-6d18-4690-a20c-790ac478d00f",
              "isHook": false,
              "skipped": false
            }
          ],
          "suites": [
            {
              "uuid": "823818aa-1f0d-468b-86d5-11e47e97a099",
              "title": "Validating the Name field",
              "fullFile": "",
              "file": "",
              "beforeHooks": [],
              "afterHooks": [],
              "tests": [
                {
                  "title": "should not show validation errors for a valid name",
                  "fullTitle": "User Registration Form Validating the Name field should not show validation errors for a valid name",
                  "timedOut": null,
                  "duration": 1459,
                  "state": "passed",
                  "speed": "fast",
                  "pass": true,
                  "fail": false,
                  "pending": false,
                  "context": null,
                  "code": "signUpForm.typeName(_faker.faker.person.firstName());\nsignUpForm.selectors.signUpFormNameInput().showErrorMessage(false);",
                  "err": {},
                  "uuid": "a16242df-3ec6-46ea-ab0e-80cb2181ce67",
                  "parentUUID": "823818aa-1f0d-468b-86d5-11e47e97a099",
                  "isHook": false,
                  "skipped": false
                },
                {
                  "title": "should show an error for an empty Name field",
                  "fullTitle": "User Registration Form Validating the Name field should show an error for an empty Name field",
                  "timedOut": null,
                  "duration": 1220,
                  "state": "passed",
                  "speed": "fast",
                  "pass": true,
                  "fail": false,
                  "pending": false,
                  "context": null,
                  "code": "signUpForm.selectors.signUpFormNameInput().showErrorMessage().contains(_errorMessages.ERROR_MESSAGES.nameEmpty);",
                  "err": {},
                  "uuid": "fc5689f0-0b03-48f2-8c50-53d387a924e8",
                  "parentUUID": "823818aa-1f0d-468b-86d5-11e47e97a099",
                  "isHook": false,
                  "skipped": false
                },
                {
                  "title": "should show an error for Name with non-English characters",
                  "fullTitle": "User Registration Form Validating the Name field should show an error for Name with non-English characters",
                  "timedOut": null,
                  "duration": 1465,
                  "state": "passed",
                  "speed": "fast",
                  "pass": true,
                  "fail": false,
                  "pending": false,
                  "context": null,
                  "code": "signUpForm.typeName(_invalidNames.INVALID_NAMES.nameInvalidSymbols);\nsignUpForm.selectors.signUpFormNameInput().showErrorMessage().contains(_errorMessages.ERROR_MESSAGES.nameInvalid);",
                  "err": {},
                  "uuid": "360a5461-e2ee-4ee4-b79f-a795dd9c0b01",
                  "parentUUID": "823818aa-1f0d-468b-86d5-11e47e97a099",
                  "isHook": false,
                  "skipped": false
                },
                {
                  "title": "should show an error for Name shorter than the minimum length",
                  "fullTitle": "User Registration Form Validating the Name field should show an error for Name shorter than the minimum length",
                  "timedOut": null,
                  "duration": 1564,
                  "state": "passed",
                  "speed": "fast",
                  "pass": true,
                  "fail": false,
                  "pending": false,
                  "context": null,
                  "code": "signUpForm.typeName(_invalidNames.INVALID_NAMES.nameShort);\nsignUpForm.selectors.signUpFormNameInput().showErrorMessage().contains(_errorMessages.ERROR_MESSAGES.nameInvalidLength);",
                  "err": {},
                  "uuid": "6f381096-a764-4607-9e58-842003eab8cf",
                  "parentUUID": "823818aa-1f0d-468b-86d5-11e47e97a099",
                  "isHook": false,
                  "skipped": false
                },
                {
                  "title": "should show an error for Name exceeding the maximum length",
                  "fullTitle": "User Registration Form Validating the Name field should show an error for Name exceeding the maximum length",
                  "timedOut": null,
                  "duration": 1901,
                  "state": "passed",
                  "speed": "fast",
                  "pass": true,
                  "fail": false,
                  "pending": false,
                  "context": null,
                  "code": "signUpForm.typeName(_invalidNames.INVALID_NAMES.nameLong);\nsignUpForm.selectors.signUpFormNameInput().showErrorMessage().contains(_errorMessages.ERROR_MESSAGES.nameInvalidLength);",
                  "err": {},
                  "uuid": "a25c1386-dcf0-4b64-927c-746c9de5969e",
                  "parentUUID": "823818aa-1f0d-468b-86d5-11e47e97a099",
                  "isHook": false,
                  "skipped": false
                }
              ],
              "suites": [],
              "passes": [
                "a16242df-3ec6-46ea-ab0e-80cb2181ce67",
                "fc5689f0-0b03-48f2-8c50-53d387a924e8",
                "360a5461-e2ee-4ee4-b79f-a795dd9c0b01",
                "6f381096-a764-4607-9e58-842003eab8cf",
                "a25c1386-dcf0-4b64-927c-746c9de5969e"
              ],
              "failures": [],
              "pending": [],
              "skipped": [],
              "duration": 7609,
              "root": false,
              "rootEmpty": false,
              "_timeout": 2000
            },
            {
              "uuid": "25175376-b561-4f93-9e7f-77f837590c6e",
              "title": "Validating the Last Name field",
              "fullFile": "",
              "file": "",
              "beforeHooks": [],
              "afterHooks": [],
              "tests": [
                {
                  "title": "should not show validation errors for a valid Last Name",
                  "fullTitle": "User Registration Form Validating the Last Name field should not show validation errors for a valid Last Name",
                  "timedOut": null,
                  "duration": 1573,
                  "state": "passed",
                  "speed": "fast",
                  "pass": true,
                  "fail": false,
                  "pending": false,
                  "context": null,
                  "code": "signUpForm.typeLastName(_faker.faker.person.lastName());\nsignUpForm.selectors.signUpFormLastNameInput().showErrorMessage(false);",
                  "err": {},
                  "uuid": "5e9f3093-9ee5-42d1-88e2-4b4eb5857c44",
                  "parentUUID": "25175376-b561-4f93-9e7f-77f837590c6e",
                  "isHook": false,
                  "skipped": false
                },
                {
                  "title": "should show an error for an empty Last Name field",
                  "fullTitle": "User Registration Form Validating the Last Name field should show an error for an empty Last Name field",
                  "timedOut": null,
                  "duration": 1331,
                  "state": "passed",
                  "speed": "fast",
                  "pass": true,
                  "fail": false,
                  "pending": false,
                  "context": null,
                  "code": "signUpForm.selectors.signUpFormLastNameInput().showErrorMessage().contains(_errorMessages.ERROR_MESSAGES.lastNameEmpty);",
                  "err": {},
                  "uuid": "50163763-7dae-42c0-bec2-7524d6f34999",
                  "parentUUID": "25175376-b561-4f93-9e7f-77f837590c6e",
                  "isHook": false,
                  "skipped": false
                },
                {
                  "title": "should show an error for Last Name with non-English characters",
                  "fullTitle": "User Registration Form Validating the Last Name field should show an error for Last Name with non-English characters",
                  "timedOut": null,
                  "duration": 1560,
                  "state": "passed",
                  "speed": "fast",
                  "pass": true,
                  "fail": false,
                  "pending": false,
                  "context": null,
                  "code": "signUpForm.typeLastName(_invalidNames.INVALID_NAMES.nameInvalidSymbols);\nsignUpForm.selectors.signUpFormLastNameInput().showErrorMessage().contains(_errorMessages.ERROR_MESSAGES.lastNameInvalid);",
                  "err": {},
                  "uuid": "d65612da-643d-4a91-9169-5fa6ffbff1b1",
                  "parentUUID": "25175376-b561-4f93-9e7f-77f837590c6e",
                  "isHook": false,
                  "skipped": false
                },
                {
                  "title": "should show an error for Last Name shorter than the minimum length",
                  "fullTitle": "User Registration Form Validating the Last Name field should show an error for Last Name shorter than the minimum length",
                  "timedOut": null,
                  "duration": 1561,
                  "state": "passed",
                  "speed": "fast",
                  "pass": true,
                  "fail": false,
                  "pending": false,
                  "context": null,
                  "code": "signUpForm.typeLastName(_invalidNames.INVALID_NAMES.nameShort);\nsignUpForm.selectors.signUpFormLastNameInput().showErrorMessage().contains(_errorMessages.ERROR_MESSAGES.lastNameInvalidLength);",
                  "err": {},
                  "uuid": "8b8057e0-b745-497b-aef9-0df63c46bf61",
                  "parentUUID": "25175376-b561-4f93-9e7f-77f837590c6e",
                  "isHook": false,
                  "skipped": false
                },
                {
                  "title": "should show an error for Last Name exceeding the maximum length",
                  "fullTitle": "User Registration Form Validating the Last Name field should show an error for Last Name exceeding the maximum length",
                  "timedOut": null,
                  "duration": 1797,
                  "state": "passed",
                  "speed": "fast",
                  "pass": true,
                  "fail": false,
                  "pending": false,
                  "context": null,
                  "code": "signUpForm.typeLastName(_invalidNames.INVALID_NAMES.nameLong);\nsignUpForm.selectors.signUpFormLastNameInput().showErrorMessage().contains(_errorMessages.ERROR_MESSAGES.lastNameInvalidLength);",
                  "err": {},
                  "uuid": "21902ed3-7ff0-40f0-983d-0c1ef7f6f749",
                  "parentUUID": "25175376-b561-4f93-9e7f-77f837590c6e",
                  "isHook": false,
                  "skipped": false
                }
              ],
              "suites": [],
              "passes": [
                "5e9f3093-9ee5-42d1-88e2-4b4eb5857c44",
                "50163763-7dae-42c0-bec2-7524d6f34999",
                "d65612da-643d-4a91-9169-5fa6ffbff1b1",
                "8b8057e0-b745-497b-aef9-0df63c46bf61",
                "21902ed3-7ff0-40f0-983d-0c1ef7f6f749"
              ],
              "failures": [],
              "pending": [],
              "skipped": [],
              "duration": 7822,
              "root": false,
              "rootEmpty": false,
              "_timeout": 2000
            },
            {
              "uuid": "2a6a85df-be92-4174-9a1e-3d3f4be03e1f",
              "title": "Validating the Email field",
              "fullFile": "",
              "file": "",
              "beforeHooks": [],
              "afterHooks": [],
              "tests": [
                {
                  "title": "should not show validation errors for a valid Email",
                  "fullTitle": "User Registration Form Validating the Email field should not show validation errors for a valid Email",
                  "timedOut": null,
                  "duration": 1948,
                  "state": "passed",
                  "speed": "fast",
                  "pass": true,
                  "fail": false,
                  "pending": false,
                  "context": null,
                  "code": "signUpForm.typeEmail(_faker.faker.internet.email());\nsignUpForm.selectors.signUpFormEmailInput().showErrorMessage(false);",
                  "err": {},
                  "uuid": "6fd491cc-903c-405f-9234-e8aae12e4699",
                  "parentUUID": "2a6a85df-be92-4174-9a1e-3d3f4be03e1f",
                  "isHook": false,
                  "skipped": false
                },
                {
                  "title": "should show an error for an empty Email field",
                  "fullTitle": "User Registration Form Validating the Email field should show an error for an empty Email field",
                  "timedOut": null,
                  "duration": 1361,
                  "state": "passed",
                  "speed": "fast",
                  "pass": true,
                  "fail": false,
                  "pending": false,
                  "context": null,
                  "code": "signUpForm.selectors.signUpFormEmailInput().showErrorMessage().contains(_errorMessages.ERROR_MESSAGES.emailEmpty);",
                  "err": {},
                  "uuid": "d1ec3a3c-9476-42ad-a858-80f46e42c3df",
                  "parentUUID": "2a6a85df-be92-4174-9a1e-3d3f4be03e1f",
                  "isHook": false,
                  "skipped": false
                },
                {
                  "title": "should show an error for an invalid Email format",
                  "fullTitle": "User Registration Form Validating the Email field should show an error for an invalid Email format",
                  "timedOut": null,
                  "duration": 1639,
                  "state": "passed",
                  "speed": "fast",
                  "pass": true,
                  "fail": false,
                  "pending": false,
                  "context": null,
                  "code": "signUpForm.typeEmail(this.data.invalidUser.email);\nsignUpForm.selectors.signUpFormEmailInput().showErrorMessage().contains(_errorMessages.ERROR_MESSAGES.emailInvalid);",
                  "err": {},
                  "uuid": "21cc0b1b-153c-49e7-9c41-a8693ba9483b",
                  "parentUUID": "2a6a85df-be92-4174-9a1e-3d3f4be03e1f",
                  "isHook": false,
                  "skipped": false
                }
              ],
              "suites": [],
              "passes": [
                "6fd491cc-903c-405f-9234-e8aae12e4699",
                "d1ec3a3c-9476-42ad-a858-80f46e42c3df",
                "21cc0b1b-153c-49e7-9c41-a8693ba9483b"
              ],
              "failures": [],
              "pending": [],
              "skipped": [],
              "duration": 4948,
              "root": false,
              "rootEmpty": false,
              "_timeout": 2000
            },
            {
              "uuid": "749324d8-4404-4f87-b4cd-4394945313bb",
              "title": "Validating the Password field",
              "fullFile": "",
              "file": "",
              "beforeHooks": [],
              "afterHooks": [],
              "tests": [
                {
                  "title": "should not show validation errors for a valid Password",
                  "fullTitle": "User Registration Form Validating the Password field should not show validation errors for a valid Password",
                  "timedOut": null,
                  "duration": 1640,
                  "state": "passed",
                  "speed": "fast",
                  "pass": true,
                  "fail": false,
                  "pending": false,
                  "context": null,
                  "code": "signUpForm.typePassword(_passwords.PASSWORDS.passwordValid);\nsignUpForm.selectors.signUpFormPasswordInput().showErrorMessage(false);",
                  "err": {},
                  "uuid": "bc408047-75c6-4aa8-93b4-540f5b5996f4",
                  "parentUUID": "749324d8-4404-4f87-b4cd-4394945313bb",
                  "isHook": false,
                  "skipped": false
                },
                {
                  "title": "should show an error for an empty Password field",
                  "fullTitle": "User Registration Form Validating the Password field should show an error for an empty Password field",
                  "timedOut": null,
                  "duration": 1267,
                  "state": "passed",
                  "speed": "fast",
                  "pass": true,
                  "fail": false,
                  "pending": false,
                  "context": null,
                  "code": "signUpForm.selectors.signUpFormPasswordInput().showErrorMessage().contains(_errorMessages.ERROR_MESSAGES.passwordEmpty);",
                  "err": {},
                  "uuid": "7b4f1dea-5538-425b-beb0-27d8738657ed",
                  "parentUUID": "749324d8-4404-4f87-b4cd-4394945313bb",
                  "isHook": false,
                  "skipped": false
                },
                {
                  "title": "should show an error for a Password shorter than 8 characters without a number",
                  "fullTitle": "User Registration Form Validating the Password field should show an error for a Password shorter than 8 characters without a number",
                  "timedOut": null,
                  "duration": 1652,
                  "state": "passed",
                  "speed": "fast",
                  "pass": true,
                  "fail": false,
                  "pending": false,
                  "context": null,
                  "code": "signUpForm.typePassword(_passwords.PASSWORDS.passwordNoNumber);\nsignUpForm.selectors.signUpFormPasswordInput().showErrorMessage().contains(_errorMessages.ERROR_MESSAGES.passwordInvalid);",
                  "err": {},
                  "uuid": "685c43a9-6139-4ae2-a417-38afe150e8c0",
                  "parentUUID": "749324d8-4404-4f87-b4cd-4394945313bb",
                  "isHook": false,
                  "skipped": false
                },
                {
                  "title": "should show an error for a Password longer than 15 characters without an uppercase letter",
                  "fullTitle": "User Registration Form Validating the Password field should show an error for a Password longer than 15 characters without an uppercase letter",
                  "timedOut": null,
                  "duration": 1600,
                  "state": "passed",
                  "speed": "fast",
                  "pass": true,
                  "fail": false,
                  "pending": false,
                  "context": null,
                  "code": "signUpForm.typePassword(_passwords.PASSWORDS.passwordNoUppercase);\nsignUpForm.selectors.signUpFormPasswordInput().showErrorMessage().contains(_errorMessages.ERROR_MESSAGES.passwordInvalid);",
                  "err": {},
                  "uuid": "ec3437c8-7709-49b6-93dc-a186f17685bb",
                  "parentUUID": "749324d8-4404-4f87-b4cd-4394945313bb",
                  "isHook": false,
                  "skipped": false
                }
              ],
              "suites": [],
              "passes": [
                "bc408047-75c6-4aa8-93b4-540f5b5996f4",
                "7b4f1dea-5538-425b-beb0-27d8738657ed",
                "685c43a9-6139-4ae2-a417-38afe150e8c0",
                "ec3437c8-7709-49b6-93dc-a186f17685bb"
              ],
              "failures": [],
              "pending": [],
              "skipped": [],
              "duration": 6159,
              "root": false,
              "rootEmpty": false,
              "_timeout": 2000
            },
            {
              "uuid": "8e09ee0c-6a54-407f-bc74-bf33bd5c4a10",
              "title": "Validating the Re-enter Password field",
              "fullFile": "",
              "file": "",
              "beforeHooks": [],
              "afterHooks": [],
              "tests": [
                {
                  "title": "should not show validation errors when Passwords match",
                  "fullTitle": "User Registration Form Validating the Re-enter Password field should not show validation errors when Passwords match",
                  "timedOut": null,
                  "duration": 1942,
                  "state": "passed",
                  "speed": "fast",
                  "pass": true,
                  "fail": false,
                  "pending": false,
                  "context": null,
                  "code": "signUpForm.typePassword(_passwords.PASSWORDS.passwordValid);\nsignUpForm.typeRepeatPassword(_passwords.PASSWORDS.passwordValid);\nsignUpForm.selectors.signUpFormRepeatPasswordInput().showErrorMessage(false);",
                  "err": {},
                  "uuid": "4e123eae-fe01-4f03-9d60-bba0b4a0a9f0",
                  "parentUUID": "8e09ee0c-6a54-407f-bc74-bf33bd5c4a10",
                  "isHook": false,
                  "skipped": false
                },
                {
                  "title": "should show an error when Passwords do not match",
                  "fullTitle": "User Registration Form Validating the Re-enter Password field should show an error when Passwords do not match",
                  "timedOut": null,
                  "duration": 1799,
                  "state": "passed",
                  "speed": "fast",
                  "pass": true,
                  "fail": false,
                  "pending": false,
                  "context": null,
                  "code": "signUpForm.typePassword(_passwords.PASSWORDS.passwordValid);\nsignUpForm.typeRepeatPassword(_passwords.PASSWORDS.passwordRepeatInvalid);\nsignUpForm.selectors.signUpFormRepeatPasswordInput().showErrorMessage().contains(_errorMessages.ERROR_MESSAGES.passwordRepeatInvalid);",
                  "err": {},
                  "uuid": "b81ba2fd-f432-4456-93fa-f165fa667a90",
                  "parentUUID": "8e09ee0c-6a54-407f-bc74-bf33bd5c4a10",
                  "isHook": false,
                  "skipped": false
                },
                {
                  "title": "should show an error for an empty Re-enter Password field",
                  "fullTitle": "User Registration Form Validating the Re-enter Password field should show an error for an empty Re-enter Password field",
                  "timedOut": null,
                  "duration": 1616,
                  "state": "passed",
                  "speed": "fast",
                  "pass": true,
                  "fail": false,
                  "pending": false,
                  "context": null,
                  "code": "signUpForm.typePassword(_passwords.PASSWORDS.passwordValid);\nsignUpForm.selectors.signUpFormRepeatPasswordInput().showErrorMessage().contains(_errorMessages.ERROR_MESSAGES.passwordRepeatEmpty);",
                  "err": {},
                  "uuid": "5c2bff9d-5944-4904-9fce-2982e635c8b3",
                  "parentUUID": "8e09ee0c-6a54-407f-bc74-bf33bd5c4a10",
                  "isHook": false,
                  "skipped": false
                }
              ],
              "suites": [],
              "passes": [
                "4e123eae-fe01-4f03-9d60-bba0b4a0a9f0",
                "b81ba2fd-f432-4456-93fa-f165fa667a90",
                "5c2bff9d-5944-4904-9fce-2982e635c8b3"
              ],
              "failures": [],
              "pending": [],
              "skipped": [],
              "duration": 5357,
              "root": false,
              "rootEmpty": false,
              "_timeout": 2000
            },
            {
              "uuid": "b88135bd-d54b-46d9-8416-04a3d89d4711",
              "title": "Register Button Behavior",
              "fullFile": "",
              "file": "",
              "beforeHooks": [],
              "afterHooks": [],
              "tests": [
                {
                  "title": "should disable the Register button when all fields are empty",
                  "fullTitle": "User Registration Form Register Button Behavior should disable the Register button when all fields are empty",
                  "timedOut": null,
                  "duration": 1312,
                  "state": "passed",
                  "speed": "fast",
                  "pass": true,
                  "fail": false,
                  "pending": false,
                  "context": null,
                  "code": "signUpForm.selectors.signUpFormRegisterButton().should('be.disabled');",
                  "err": {},
                  "uuid": "eaa5ffe8-eb8e-4f32-be6b-a5d43a88f384",
                  "parentUUID": "b88135bd-d54b-46d9-8416-04a3d89d4711",
                  "isHook": false,
                  "skipped": false
                },
                {
                  "title": "should disable the Register button when some fields have errors",
                  "fullTitle": "User Registration Form Register Button Behavior should disable the Register button when some fields have errors",
                  "timedOut": null,
                  "duration": 2763,
                  "state": "passed",
                  "speed": "fast",
                  "pass": true,
                  "fail": false,
                  "pending": false,
                  "context": null,
                  "code": "signUpForm.typeName(this.data.invalidUser.name);\nsignUpForm.typeLastName(this.data.invalidUser.lastName);\nsignUpForm.typeEmail(this.data.invalidUser.email);\nsignUpForm.typePassword(this.data.invalidUser.password);\nsignUpForm.typeRepeatPassword(this.data.invalidUser.repeatPassword);\nsignUpForm.selectors.signUpFormRegisterButton().should('be.disabled');",
                  "err": {},
                  "uuid": "2fda482f-5a46-4b30-9964-3eeafadb4b78",
                  "parentUUID": "b88135bd-d54b-46d9-8416-04a3d89d4711",
                  "isHook": false,
                  "skipped": false
                },
                {
                  "title": "should enable the Register button when all fields are valid",
                  "fullTitle": "User Registration Form Register Button Behavior should enable the Register button when all fields are valid",
                  "timedOut": null,
                  "duration": 3004,
                  "state": "passed",
                  "speed": "fast",
                  "pass": true,
                  "fail": false,
                  "pending": false,
                  "context": null,
                  "code": "signUpForm.typeName(this.data.validUser.name);\nsignUpForm.typeLastName(this.data.validUser.lastName);\nsignUpForm.typeEmail(_faker.faker.internet.email());\nsignUpForm.typePassword(this.data.validUser.password);\nsignUpForm.typeRepeatPassword(this.data.validUser.password);\nsignUpForm.selectors.signUpFormRegisterButton().should('not.be.disabled');",
                  "err": {},
                  "uuid": "a7eb5ec0-7b08-49b2-aaf4-8e87b6011fc1",
                  "parentUUID": "b88135bd-d54b-46d9-8416-04a3d89d4711",
                  "isHook": false,
                  "skipped": false
                }
              ],
              "suites": [],
              "passes": [
                "eaa5ffe8-eb8e-4f32-be6b-a5d43a88f384",
                "2fda482f-5a46-4b30-9964-3eeafadb4b78",
                "a7eb5ec0-7b08-49b2-aaf4-8e87b6011fc1"
              ],
              "failures": [],
              "pending": [],
              "skipped": [],
              "duration": 7079,
              "root": false,
              "rootEmpty": false,
              "_timeout": 2000
            },
            {
              "uuid": "eff43f3b-8419-4060-893e-7a3483ab649b",
              "title": "Successful User Registration and Login",
              "fullFile": "",
              "file": "",
              "beforeHooks": [],
              "afterHooks": [],
              "tests": [
                {
                  "title": "should successfully register a user and send a POST request",
                  "fullTitle": "User Registration Form Successful User Registration and Login should successfully register a user and send a POST request",
                  "timedOut": null,
                  "duration": 4235,
                  "state": "passed",
                  "speed": "fast",
                  "pass": true,
                  "fail": false,
                  "pending": false,
                  "context": null,
                  "code": "cy.intercept('POST', '/api/auth/signup').as('signupRequest');\nsignUpForm.typeName(this.data.validUser.name);\nsignUpForm.typeLastName(this.data.validUser.lastName);\nsignUpForm.typeEmail(_faker.faker.internet.email());\nsignUpForm.typePassword(this.data.validUser.password);\nsignUpForm.typeRepeatPassword(this.data.validUser.password);\nsignUpForm.clickRegisterButton();\ncy.wait('@signupRequest').its('response.statusCode').should('eq', 201);\ncy.url().should('include', '/panel/garage');",
                  "err": {},
                  "uuid": "b6becff6-ac0d-4684-b56f-10100f28c51e",
                  "parentUUID": "eff43f3b-8419-4060-893e-7a3483ab649b",
                  "isHook": false,
                  "skipped": false
                },
                {
                  "title": "should successfully log in a user and send a POST request",
                  "fullTitle": "User Registration Form Successful User Registration and Login should successfully log in a user and send a POST request",
                  "timedOut": null,
                  "duration": 3868,
                  "state": "passed",
                  "speed": "fast",
                  "pass": true,
                  "fail": false,
                  "pending": false,
                  "context": null,
                  "code": "cy.intercept('POST', '/api/auth/signin').as('signinRequest');\ncy.visit();\ncy.login(this.data.validUser.email, this.data.validUser.password);\ncy.wait('@signinRequest').its('response.statusCode').should('eq', 200);\ncy.url().should('include', '/panel/garage');",
                  "err": {},
                  "uuid": "fb366714-6fa7-497d-a9f6-011502866df9",
                  "parentUUID": "eff43f3b-8419-4060-893e-7a3483ab649b",
                  "isHook": false,
                  "skipped": false
                }
              ],
              "suites": [],
              "passes": [
                "b6becff6-ac0d-4684-b56f-10100f28c51e",
                "fb366714-6fa7-497d-a9f6-011502866df9"
              ],
              "failures": [],
              "pending": [],
              "skipped": [],
              "duration": 8103,
              "root": false,
              "rootEmpty": false,
              "_timeout": 2000
            }
          ],
          "passes": [
            "e4aed683-e78e-403a-b866-1f83457ea2f5"
          ],
          "failures": [],
          "pending": [],
          "skipped": [],
          "duration": 2371,
          "root": false,
          "rootEmpty": false,
          "_timeout": 2000
        }
      ],
      "passes": [],
      "failures": [],
      "pending": [],
      "skipped": [],
      "duration": 0,
      "root": true,
      "rootEmpty": true,
      "_timeout": 2000
    }
  ],
  "meta": {
    "mocha": {
      "version": "7.0.1"
    },
    "mochawesome": {
      "options": {
        "quiet": false,
        "reportFilename": "mochawesome",
        "saveHtml": true,
        "saveJson": true,
        "consoleReporter": "spec",
        "useInlineDiffs": false,
        "code": true
      },
      "version": "7.1.3"
    },
    "marge": {
      "options": null,
      "version": "6.2.0"
    }
  }
}